# JRE version: Java(TM) SE Runtime Environment (8.0_251-b08) (build 1.8.0_251-b08)
# Java VM: Java HotSpot(TM) 64-Bit Server VM (25.251-b08 mixed mode windows-amd64 compressed oops)
Heap:
 PSYoungGen      total 148992K, used 134010K [0x00000000f5580000, 0x0000000100000000, 0x0000000100000000)
  eden space 123392K, 95% used [0x00000000f5580000,0x00000000fc8e0a30,0x00000000fce00000)
  from space 25600K, 62% used [0x00000000fce00000,0x00000000fdd885f0,0x00000000fe700000)
  to   space 25600K, 0% used [0x00000000fe700000,0x00000000fe700000,0x0000000100000000)
 ParOldGen       total 268800K, used 41685K [0x00000000e0000000, 0x00000000f0680000, 0x00000000f5580000)
  object space 268800K, 15% used [0x00000000e0000000,0x00000000e28b5570,0x00000000f0680000)
 Metaspace       used 62265K, capacity 66978K, committed 67160K, reserved 1107968K
  class space    used 8690K, capacity 9517K, committed 9600K, reserved 1048576K
GC Heap History (10 events):
Event: 5.609 GC heap before
{Heap before GC invocations=12 (full 2):
 PSYoungGen      total 158720K, used 140756K [0x00000000f5580000, 0x0000000100000000, 0x0000000100000000)
  eden space 142848K, 87% used [0x00000000f5580000,0x00000000fcf7b180,0x00000000fe100000)
  from space 15872K, 99% used [0x00000000fe100000,0x00000000ff07a070,0x00000000ff080000)
  to   space 15872K, 0% used [0x00000000ff080000,0x00000000ff080000,0x0000000100000000)
 ParOldGen       total 175104K, used 19005K [0x00000000e0000000, 0x00000000eab00000, 0x00000000f5580000)
  object space 175104K, 10% used [0x00000000e0000000,0x00000000e128f458,0x00000000eab00000)
 Metaspace       used 54635K, capacity 58918K, committed 59028K, reserved 1099776K
  class space    used 7959K, capacity 8681K, committed 8704K, reserved 1048576K
Event: 5.621 GC heap after
Heap after GC invocations=12 (full 2):
 PSYoungGen      total 140288K, used 15854K [0x00000000f5580000, 0x0000000100000000, 0x0000000100000000)
  eden space 124416K, 0% used [0x00000000f5580000,0x00000000f5580000,0x00000000fcf00000)
  from space 15872K, 99% used [0x00000000ff080000,0x00000000ffffb8e0,0x0000000100000000)
  to   space 25088K, 0% used [0x00000000fcf00000,0x00000000fcf00000,0x00000000fe780000)
 ParOldGen       total 175104K, used 31900K [0x00000000e0000000, 0x00000000eab00000, 0x00000000f5580000)
  object space 175104K, 18% used [0x00000000e0000000,0x00000000e1f272a8,0x00000000eab00000)
 Metaspace       used 54635K, capacity 58918K, committed 59028K, reserved 1099776K
  class space    used 7959K, capacity 8681K, committed 8704K, reserved 1048576K
}
Event: 5.621 GC heap before
{Heap before GC invocations=13 (full 3):
 PSYoungGen      total 140288K, used 15854K [0x00000000f5580000, 0x0000000100000000, 0x0000000100000000)
  eden space 124416K, 0% used [0x00000000f5580000,0x00000000f5580000,0x00000000fcf00000)
  from space 15872K, 99% used [0x00000000ff080000,0x00000000ffffb8e0,0x0000000100000000)
  to   space 25088K, 0% used [0x00000000fcf00000,0x00000000fcf00000,0x00000000fe780000)
 ParOldGen       total 175104K, used 31900K [0x00000000e0000000, 0x00000000eab00000, 0x00000000f5580000)
  object space 175104K, 18% used [0x00000000e0000000,0x00000000e1f272a8,0x00000000eab00000)
 Metaspace       used 54635K, capacity 58918K, committed 59028K, reserved 1099776K
  class space    used 7959K, capacity 8681K, committed 8704K, reserved 1048576K
Event: 5.793 GC heap after
Heap after GC invocations=13 (full 3):
 PSYoungGen      total 140288K, used 0K [0x00000000f5580000, 0x0000000100000000, 0x0000000100000000)
  eden space 124416K, 0% used [0x00000000f5580000,0x00000000f5580000,0x00000000fcf00000)
  from space 15872K, 0% used [0x00000000ff080000,0x00000000ff080000,0x0000000100000000)
  to   space 25088K, 0% used [0x00000000fcf00000,0x00000000fcf00000,0x00000000fe780000)
 ParOldGen       total 268800K, used 41661K [0x00000000e0000000, 0x00000000f0680000, 0x00000000f5580000)
  object space 268800K, 15% used [0x00000000e0000000,0x00000000e28af570,0x00000000f0680000)
 Metaspace       used 54600K, capacity 58804K, committed 59028K, reserved 1099776K
  class space    used 7948K, capacity 8662K, committed 8704K, reserved 1048576K
}
Event: 6.372 GC heap before
{Heap before GC invocations=14 (full 3):
 PSYoungGen      total 140288K, used 124416K [0x00000000f5580000, 0x0000000100000000, 0x0000000100000000)
  eden space 124416K, 100% used [0x00000000f5580000,0x00000000fcf00000,0x00000000fcf00000)
  from space 15872K, 0% used [0x00000000ff080000,0x00000000ff080000,0x0000000100000000)
  to   space 25088K, 0% used [0x00000000fcf00000,0x00000000fcf00000,0x00000000fe780000)
 ParOldGen       total 268800K, used 41661K [0x00000000e0000000, 0x00000000f0680000, 0x00000000f5580000)
  object space 268800K, 15% used [0x00000000e0000000,0x00000000e28af570,0x00000000f0680000)
 Metaspace       used 58221K, capacity 62516K, committed 62936K, reserved 1103872K
  class space    used 8339K, capacity 9090K, committed 9216K, reserved 1048576K
Event: 6.377 GC heap after
Heap after GC invocations=14 (full 3):
 PSYoungGen      total 149504K, used 14710K [0x00000000f5580000, 0x0000000100000000, 0x0000000100000000)
  eden space 124416K, 0% used [0x00000000f5580000,0x00000000f5580000,0x00000000fcf00000)
  from space 25088K, 58% used [0x00000000fcf00000,0x00000000fdd5d8a8,0x00000000fe780000)
  to   space 24576K, 0% used [0x00000000fe800000,0x00000000fe800000,0x0000000100000000)
 ParOldGen       total 268800K, used 41669K [0x00000000e0000000, 0x00000000f0680000, 0x00000000f5580000)
  object space 268800K, 15% used [0x00000000e0000000,0x00000000e28b1570,0x00000000f0680000)
 Metaspace       used 58221K, capacity 62516K, committed 62936K, reserved 1103872K
  class space    used 8339K, capacity 9090K, committed 9216K, reserved 1048576K
}
Event: 82.645 GC heap before
{Heap before GC invocations=15 (full 3):
 PSYoungGen      total 149504K, used 139126K [0x00000000f5580000, 0x0000000100000000, 0x0000000100000000)
  eden space 124416K, 100% used [0x00000000f5580000,0x00000000fcf00000,0x00000000fcf00000)
  from space 25088K, 58% used [0x00000000fcf00000,0x00000000fdd5d8a8,0x00000000fe780000)
  to   space 24576K, 0% used [0x00000000fe800000,0x00000000fe800000,0x0000000100000000)
 ParOldGen       total 268800K, used 41669K [0x00000000e0000000, 0x00000000f0680000, 0x00000000f5580000)
  object space 268800K, 15% used [0x00000000e0000000,0x00000000e28b1570,0x00000000f0680000)
 Metaspace       used 60824K, capacity 65638K, committed 65880K, reserved 1105920K
  class space    used 8668K, capacity 9493K, committed 9600K, reserved 1048576K
Event: 82.653 GC heap after
Heap after GC invocations=15 (full 3):
 PSYoungGen      total 147968K, used 19493K [0x00000000f5580000, 0x0000000100000000, 0x0000000100000000)
  eden space 123392K, 0% used [0x00000000f5580000,0x00000000f5580000,0x00000000fce00000)
  from space 24576K, 79% used [0x00000000fe800000,0x00000000ffb095e8,0x0000000100000000)
  to   space 25600K, 0% used [0x00000000fce00000,0x00000000fce00000,0x00000000fe700000)
 ParOldGen       total 268800K, used 41677K [0x00000000e0000000, 0x00000000f0680000, 0x00000000f5580000)
  object space 268800K, 15% used [0x00000000e0000000,0x00000000e28b3570,0x00000000f0680000)
 Metaspace       used 60824K, capacity 65638K, committed 65880K, reserved 1105920K
  class space    used 8668K, capacity 9493K, committed 9600K, reserved 1048576K
}
Event: 83.018 GC heap before
{Heap before GC invocations=16 (full 3):
 PSYoungGen      total 147968K, used 142885K [0x00000000f5580000, 0x0000000100000000, 0x0000000100000000)
  eden space 123392K, 100% used [0x00000000f5580000,0x00000000fce00000,0x00000000fce00000)
  from space 24576K, 79% used [0x00000000fe800000,0x00000000ffb095e8,0x0000000100000000)
  to   space 25600K, 0% used [0x00000000fce00000,0x00000000fce00000,0x00000000fe700000)
 ParOldGen       total 268800K, used 41677K [0x00000000e0000000, 0x00000000f0680000, 0x00000000f5580000)
  object space 268800K, 15% used [0x00000000e0000000,0x00000000e28b3570,0x00000000f0680000)
 Metaspace       used 61538K, capacity 66296K, committed 66648K, reserved 1105920K
  class space    used 8676K, capacity 9502K, committed 9600K, reserved 1048576K
Event: 83.022 GC heap after
Heap after GC invocations=16 (full 3):
 PSYoungGen      total 148992K, used 15905K [0x00000000f5580000, 0x0000000100000000, 0x0000000100000000)
  eden space 123392K, 0% used [0x00000000f5580000,0x00000000f5580000,0x00000000fce00000)
  from space 25600K, 62% used [0x00000000fce00000,0x00000000fdd885f0,0x00000000fe700000)
  to   space 25600K, 0% used [0x00000000fe700000,0x00000000fe700000,0x0000000100000000)
 ParOldGen       total 268800K, used 41685K [0x00000000e0000000, 0x00000000f0680000, 0x00000000f5580000)
  object space 268800K, 15% used [0x00000000e0000000,0x00000000e28b5570,0x00000000f0680000)
 Metaspace       used 61538K, capacity 66296K, committed 66648K, reserved 1105920K
  class space    used 8676K, capacity 9502K, committed 9600K, reserved 1048576K
}

