# JRE version: Java(TM) SE Runtime Environment (8.0_251-b08) (build 1.8.0_251-b08)
# Java VM: Java HotSpot(TM) 64-Bit Server VM (25.251-b08 mixed mode windows-amd64 compressed oops)
Heap:
 PSYoungGen      total 161792K, used 68985K [0x00000000f5580000, 0x0000000100000000, 0x0000000100000000)
  eden space 150016K, 39% used [0x00000000f5580000,0x00000000f8fb3588,0x00000000fe800000)
  from space 11776K, 79% used [0x00000000fe800000,0x00000000ff12af08,0x00000000ff380000)
  to   space 12288K, 0% used [0x00000000ff400000,0x00000000ff400000,0x0000000100000000)
 ParOldGen       total 175104K, used 15611K [0x00000000e0000000, 0x00000000eab00000, 0x00000000f5580000)
  object space 175104K, 8% used [0x00000000e0000000,0x00000000e0f3ee10,0x00000000eab00000)
 Metaspace       used 46161K, capacity 48594K, committed 48768K, reserved 1091584K
  class space    used 6540K, capacity 7015K, committed 7040K, reserved 1048576K
GC Heap History (10 events):
Event: 7.326 GC heap before
{Heap before GC invocations=7 (full 1):
 PSYoungGen      total 76288K, used 70643K [0x00000000f5580000, 0x00000000fde00000, 0x0000000100000000)
  eden space 65536K, 100% used [0x00000000f5580000,0x00000000f9580000,0x00000000f9580000)
  from space 10752K, 47% used [0x00000000f9580000,0x00000000f9a7cd30,0x00000000fa000000)
  to   space 13312K, 0% used [0x00000000fd100000,0x00000000fd100000,0x00000000fde00000)
 ParOldGen       total 175104K, used 9638K [0x00000000e0000000, 0x00000000eab00000, 0x00000000f5580000)
  object space 175104K, 5% used [0x00000000e0000000,0x00000000e0969a30,0x00000000eab00000)
 Metaspace       used 29393K, capacity 31054K, committed 31232K, reserved 1075200K
  class space    used 4470K, capacity 4840K, committed 4864K, reserved 1048576K
Event: 7.329 GC heap after
Heap after GC invocations=7 (full 1):
 PSYoungGen      total 126464K, used 8109K [0x00000000f5580000, 0x00000000fdd00000, 0x0000000100000000)
  eden space 114176K, 0% used [0x00000000f5580000,0x00000000f5580000,0x00000000fc500000)
  from space 12288K, 65% used [0x00000000fd100000,0x00000000fd8eb410,0x00000000fdd00000)
  to   space 12288K, 0% used [0x00000000fc500000,0x00000000fc500000,0x00000000fd100000)
 ParOldGen       total 175104K, used 9646K [0x00000000e0000000, 0x00000000eab00000, 0x00000000f5580000)
  object space 175104K, 5% used [0x00000000e0000000,0x00000000e096ba30,0x00000000eab00000)
 Metaspace       used 29393K, capacity 31054K, committed 31232K, reserved 1075200K
  class space    used 4470K, capacity 4840K, committed 4864K, reserved 1048576K
}
Event: 7.471 GC heap before
{Heap before GC invocations=8 (full 1):
 PSYoungGen      total 126464K, used 35144K [0x00000000f5580000, 0x00000000fdd00000, 0x0000000100000000)
  eden space 114176K, 23% used [0x00000000f5580000,0x00000000f6fe6d68,0x00000000fc500000)
  from space 12288K, 65% used [0x00000000fd100000,0x00000000fd8eb410,0x00000000fdd00000)
  to   space 12288K, 0% used [0x00000000fc500000,0x00000000fc500000,0x00000000fd100000)
 ParOldGen       total 175104K, used 9646K [0x00000000e0000000, 0x00000000eab00000, 0x00000000f5580000)
  object space 175104K, 5% used [0x00000000e0000000,0x00000000e096ba30,0x00000000eab00000)
 Metaspace       used 33728K, capacity 35358K, committed 35456K, reserved 1079296K
  class space    used 4882K, capacity 5244K, committed 5248K, reserved 1048576K
Event: 7.474 GC heap after
Heap after GC invocations=8 (full 1):
 PSYoungGen      total 126464K, used 8535K [0x00000000f5580000, 0x00000000fff00000, 0x0000000100000000)
  eden space 114176K, 0% used [0x00000000f5580000,0x00000000f5580000,0x00000000fc500000)
  from space 12288K, 69% used [0x00000000fc500000,0x00000000fcd55f08,0x00000000fd100000)
  to   space 11776K, 0% used [0x00000000ff380000,0x00000000ff380000,0x00000000fff00000)
 ParOldGen       total 175104K, used 9654K [0x00000000e0000000, 0x00000000eab00000, 0x00000000f5580000)
  object space 175104K, 5% used [0x00000000e0000000,0x00000000e096da30,0x00000000eab00000)
 Metaspace       used 33728K, capacity 35358K, committed 35456K, reserved 1079296K
  class space    used 4882K, capacity 5244K, committed 5248K, reserved 1048576K
}
Event: 7.474 GC heap before
{Heap before GC invocations=9 (full 2):
 PSYoungGen      total 126464K, used 8535K [0x00000000f5580000, 0x00000000fff00000, 0x0000000100000000)
  eden space 114176K, 0% used [0x00000000f5580000,0x00000000f5580000,0x00000000fc500000)
  from space 12288K, 69% used [0x00000000fc500000,0x00000000fcd55f08,0x00000000fd100000)
  to   space 11776K, 0% used [0x00000000ff380000,0x00000000ff380000,0x00000000fff00000)
 ParOldGen       total 175104K, used 9654K [0x00000000e0000000, 0x00000000eab00000, 0x00000000f5580000)
  object space 175104K, 5% used [0x00000000e0000000,0x00000000e096da30,0x00000000eab00000)
 Metaspace       used 33728K, capacity 35358K, committed 35456K, reserved 1079296K
  class space    used 4882K, capacity 5244K, committed 5248K, reserved 1048576K
Event: 7.496 GC heap after
Heap after GC invocations=9 (full 2):
 PSYoungGen      total 126464K, used 0K [0x00000000f5580000, 0x00000000fff00000, 0x0000000100000000)
  eden space 114176K, 0% used [0x00000000f5580000,0x00000000f5580000,0x00000000fc500000)
  from space 12288K, 0% used [0x00000000fc500000,0x00000000fc500000,0x00000000fd100000)
  to   space 11776K, 0% used [0x00000000ff380000,0x00000000ff380000,0x00000000fff00000)
 ParOldGen       total 175104K, used 15595K [0x00000000e0000000, 0x00000000eab00000, 0x00000000f5580000)
  object space 175104K, 8% used [0x00000000e0000000,0x00000000e0f3ae10,0x00000000eab00000)
 Metaspace       used 33717K, capacity 35316K, committed 35456K, reserved 1079296K
  class space    used 4878K, capacity 5237K, committed 5248K, reserved 1048576K
}
Event: 7.933 GC heap before
{Heap before GC invocations=10 (full 2):
 PSYoungGen      total 126464K, used 114176K [0x00000000f5580000, 0x00000000fff00000, 0x0000000100000000)
  eden space 114176K, 100% used [0x00000000f5580000,0x00000000fc500000,0x00000000fc500000)
  from space 12288K, 0% used [0x00000000fc500000,0x00000000fc500000,0x00000000fd100000)
  to   space 11776K, 0% used [0x00000000ff380000,0x00000000ff380000,0x00000000fff00000)
 ParOldGen       total 175104K, used 15595K [0x00000000e0000000, 0x00000000eab00000, 0x00000000f5580000)
  object space 175104K, 8% used [0x00000000e0000000,0x00000000e0f3ae10,0x00000000eab00000)
 Metaspace       used 39799K, capacity 41742K, committed 41856K, reserved 1085440K
  class space    used 5804K, capacity 6221K, committed 6272K, reserved 1048576K
Event: 7.937 GC heap after
Heap after GC invocations=10 (full 2):
 PSYoungGen      total 161792K, used 9150K [0x00000000f5580000, 0x00000000fff80000, 0x0000000100000000)
  eden space 150016K, 0% used [0x00000000f5580000,0x00000000f5580000,0x00000000fe800000)
  from space 11776K, 77% used [0x00000000ff380000,0x00000000ffc6fad0,0x00000000fff00000)
  to   space 11776K, 0% used [0x00000000fe800000,0x00000000fe800000,0x00000000ff380000)
 ParOldGen       total 175104K, used 15603K [0x00000000e0000000, 0x00000000eab00000, 0x00000000f5580000)
  object space 175104K, 8% used [0x00000000e0000000,0x00000000e0f3ce10,0x00000000eab00000)
 Metaspace       used 39799K, capacity 41742K, committed 41856K, reserved 1085440K
  class space    used 5804K, capacity 6221K, committed 6272K, reserved 1048576K
}
Event: 8.396 GC heap before
{Heap before GC invocations=11 (full 2):
 PSYoungGen      total 161792K, used 159166K [0x00000000f5580000, 0x00000000fff80000, 0x0000000100000000)
  eden space 150016K, 100% used [0x00000000f5580000,0x00000000fe800000,0x00000000fe800000)
  from space 11776K, 77% used [0x00000000ff380000,0x00000000ffc6fad0,0x00000000fff00000)
  to   space 11776K, 0% used [0x00000000fe800000,0x00000000fe800000,0x00000000ff380000)
 ParOldGen       total 175104K, used 15603K [0x00000000e0000000, 0x00000000eab00000, 0x00000000f5580000)
  object space 175104K, 8% used [0x00000000e0000000,0x00000000e0f3ce10,0x00000000eab00000)
 Metaspace       used 43059K, capacity 45444K, committed 45568K, reserved 1087488K
  class space    used 6194K, capacity 6642K, committed 6656K, reserved 1048576K
Event: 8.399 GC heap after
Heap after GC invocations=11 (full 2):
 PSYoungGen      total 161792K, used 9387K [0x00000000f5580000, 0x0000000100000000, 0x0000000100000000)
  eden space 150016K, 0% used [0x00000000f5580000,0x00000000f5580000,0x00000000fe800000)
  from space 11776K, 79% used [0x00000000fe800000,0x00000000ff12af08,0x00000000ff380000)
  to   space 12288K, 0% used [0x00000000ff400000,0x00000000ff400000,0x0000000100000000)
 ParOldGen       total 175104K, used 15611K [0x00000000e0000000, 0x00000000eab00000, 0x00000000f5580000)
  object space 175104K, 8% used [0x00000000e0000000,0x00000000e0f3ee10,0x00000000eab00000)
 Metaspace       used 43059K, capacity 45444K, committed 45568K, reserved 1087488K
  class space    used 6194K, capacity 6642K, committed 6656K, reserved 1048576K
}

